C:\USERS\SHAWN_000\DOCUMENTS\VISUAL STUDIO 2010\PROJECTS\FLIGHTLESSV3\DEBUG\FLIGHTLESSV3.EXE
C:\USERS\SHAWN_000\DOCUMENTS\VISUAL STUDIO 2010\PROJECTS\FLIGHTLESSV3\DEBUG\FLIGHTLESSV3.ILK
C:\USERS\SHAWN_000\DOCUMENTS\VISUAL STUDIO 2010\PROJECTS\FLIGHTLESSV3\DEBUG\FLIGHTLESSV3.PDB
C:\USERS\SHAWN_000\DOCUMENTS\VISUAL STUDIO 2010\PROJECTS\FLIGHTLESSV3\FLIGHTLESSV3\DEBUG\BUG.OBJ
C:\Users\shawn_000\documents\visual studio 2010\Projects\FlightlessV3\FlightlessV3\Debug\cl.command.1.tlog
C:\Users\shawn_000\documents\visual studio 2010\Projects\FlightlessV3\FlightlessV3\Debug\CL.read.1.tlog
C:\Users\shawn_000\documents\visual studio 2010\Projects\FlightlessV3\FlightlessV3\Debug\CL.write.1.tlog
C:\USERS\SHAWN_000\DOCUMENTS\VISUAL STUDIO 2010\PROJECTS\FLIGHTLESSV3\FLIGHTLESSV3\DEBUG\FLIGHTLESSV3.EXE.INTERMEDIATE.MANIFEST
C:\Users\shawn_000\documents\visual studio 2010\Projects\FlightlessV3\FlightlessV3\Debug\FlightlessV3.write.1.tlog
C:\USERS\SHAWN_000\DOCUMENTS\VISUAL STUDIO 2010\PROJECTS\FLIGHTLESSV3\FLIGHTLESSV3\DEBUG\HUD.OBJ
C:\Users\shawn_000\documents\visual studio 2010\Projects\FlightlessV3\FlightlessV3\Debug\link.command.1.tlog
C:\Users\shawn_000\documents\visual studio 2010\Projects\FlightlessV3\FlightlessV3\Debug\link.read.1.tlog
C:\Users\shawn_000\documents\visual studio 2010\Projects\FlightlessV3\FlightlessV3\Debug\link.write.1.tlog
C:\USERS\SHAWN_000\DOCUMENTS\VISUAL STUDIO 2010\PROJECTS\FLIGHTLESSV3\FLIGHTLESSV3\DEBUG\MAIN.OBJ
C:\USERS\SHAWN_000\DOCUMENTS\VISUAL STUDIO 2010\PROJECTS\FLIGHTLESSV3\FLIGHTLESSV3\DEBUG\MAPPYAL.OBJ
C:\Users\shawn_000\documents\visual studio 2010\Projects\FlightlessV3\FlightlessV3\Debug\mt.command.1.tlog
C:\Users\shawn_000\documents\visual studio 2010\Projects\FlightlessV3\FlightlessV3\Debug\mt.read.1.tlog
C:\Users\shawn_000\documents\visual studio 2010\Projects\FlightlessV3\FlightlessV3\Debug\mt.write.1.tlog
C:\USERS\SHAWN_000\DOCUMENTS\VISUAL STUDIO 2010\PROJECTS\FLIGHTLESSV3\FLIGHTLESSV3\DEBUG\PLAYER.OBJ
C:\USERS\SHAWN_000\DOCUMENTS\VISUAL STUDIO 2010\PROJECTS\FLIGHTLESSV3\FLIGHTLESSV3\DEBUG\SNAKE.OBJ
C:\USERS\SHAWN_000\DOCUMENTS\VISUAL STUDIO 2010\PROJECTS\FLIGHTLESSV3\FLIGHTLESSV3\DEBUG\SPRITE.OBJ
C:\USERS\SHAWN_000\DOCUMENTS\VISUAL STUDIO 2010\PROJECTS\FLIGHTLESSV3\FLIGHTLESSV3\DEBUG\SPRITEHANDLER.OBJ
C:\Users\shawn_000\documents\visual studio 2010\Projects\FlightlessV3\FlightlessV3\Debug\vc100.idb
C:\USERS\SHAWN_000\DOCUMENTS\VISUAL STUDIO 2010\PROJECTS\FLIGHTLESSV3\FLIGHTLESSV3\DEBUG\VC100.PDB
