Build started 12/02/2016 17:43:20 PM.
     1>Project "C:\Users\shawn_000\documents\visual studio 2010\Projects\FlightlessV3\FlightlessV3\FlightlessV3.vcxproj" on node 2 (build target(s)).
     1>InitializeBuildStatus:
         Creating "Debug\FlightlessV3.unsuccessfulbuild" because "AlwaysCreate" was specified.
       ClCompile:
         d:\vs2010\VC\bin\CL.exe /c /ZI /nologo /W3 /WX- /Od /Oy- /D _MBCS /Gm /EHsc /RTC1 /MDd /GS /fp:precise /Zc:wchar_t /Zc:forScope /Fo"Debug\\" /Fd"Debug\vc100.pdb" /Gd /TP /analyze- /errorReport:prompt bug.cpp player.cpp snake.cpp sprite.cpp spritehandler.cpp
         Skipping... (no relevant changes detected)
         spritehandler.cpp
         sprite.cpp
         snake.cpp
         player.cpp
         bug.cpp
         d:\vs2010\VC\bin\CL.exe /c /ZI /nologo /W3 /WX- /Od /Oy- /D _MBCS /Gm /EHsc /RTC1 /MDd /GS /fp:precise /Zc:wchar_t /Zc:forScope /Fo"Debug\\" /Fd"Debug\vc100.pdb" /Gd /TC /analyze- /errorReport:prompt mappyal.c
         mappyal.c
     1>c:\users\shawn_000\documents\visual studio 2010\projects\flightlessv3\flightlessv3\mappyal.c(1015): warning C4996: 'strcpy': This function or variable may be unsafe. Consider using strcpy_s instead. To disable deprecation, use _CRT_SECURE_NO_WARNINGS. See online help for details.
                 d:\vs2010\vc\include\string.h(105) : see declaration of 'strcpy'
       Link:
         d:\vs2010\VC\bin\link.exe /ERRORREPORT:PROMPT /OUT:"C:\Users\shawn_000\documents\visual studio 2010\Projects\FlightlessV3\Debug\FlightlessV3.exe" /NOLOGO "allegro-4.4.2-md.lib" pthreadVC.lib kernel32.lib user32.lib gdi32.lib winspool.lib comdlg32.lib advapi32.lib shell32.lib ole32.lib oleaut32.lib uuid.lib odbc32.lib odbccp32.lib /MANIFEST /ManifestFile:"Debug\FlightlessV3.exe.intermediate.manifest" /MANIFESTUAC:"level='asInvoker' uiAccess='false'" /DEBUG /PDB:"C:\Users\shawn_000\documents\visual studio 2010\Projects\FlightlessV3\Debug\FlightlessV3.pdb" /TLBID:1 /DYNAMICBASE /NXCOMPAT /IMPLIB:"C:\Users\shawn_000\documents\visual studio 2010\Projects\FlightlessV3\Debug\FlightlessV3.lib" /MACHINE:X86 Debug\bug.obj
         Debug\hud.obj
         Debug\main.obj
         Debug\mappyal.obj
         Debug\player.obj
         Debug\snake.obj
         Debug\sprite.obj
         Debug\spritehandler.obj
         LINK : C:\Users\shawn_000\documents\visual studio 2010\Projects\FlightlessV3\Debug\FlightlessV3.exe not found or not built by the last incremental link; performing full link
         FlightlessV3.vcxproj -> C:\Users\shawn_000\documents\visual studio 2010\Projects\FlightlessV3\Debug\FlightlessV3.exe
       Manifest:
         C:\Program Files (x86)\Microsoft SDKs\Windows\v7.0A\bin\mt.exe /nologo /verbose /outputresource:"C:\Users\shawn_000\documents\visual studio 2010\Projects\FlightlessV3\Debug\FlightlessV3.exe;#1" /manifest Debug\FlightlessV3.exe.intermediate.manifest
       FinalizeBuildStatus:
         Deleting file "Debug\FlightlessV3.unsuccessfulbuild".
         Touching "Debug\FlightlessV3.lastbuildstate".
     1>Done Building Project "C:\Users\shawn_000\documents\visual studio 2010\Projects\FlightlessV3\FlightlessV3\FlightlessV3.vcxproj" (build target(s)).

Build succeeded.

Time Elapsed 00:00:03.84
